<?xml version="1.0" encoding="UTF-8"?>
<!-- Generated by org.testng.reporters.JUnitReportReporter -->
<testsuite hostname="LIN30000593" failures="0" tests="1" name="selenium.dialog" time="9.259" errors="0" timestamp="2023-09-01T12:40:38 IST" skipped="0">
  <testcase classname="selenium.dialog" name="testng" time="9.259"/>
</testsuite> <!-- selenium.dialog -->
