<?xml version="1.0" encoding="UTF-8"?>
<!-- Generated by org.testng.reporters.JUnitReportReporter -->
<testsuite hostname="LIN30000593" failures="0" tests="2" name="TestNG.demo" time="0.003" errors="0" timestamp="2023-09-01T15:00:16 IST" skipped="0">
  <testcase classname="TestNG.demo" name="sestcase1" time="0.002"/>
  <testcase classname="TestNG.demo" name="testcase" time="0.001"/>
</testsuite> <!-- TestNG.demo -->
