<?xml version="1.0" encoding="UTF-8"?>
<!-- Generated by org.testng.reporters.JUnitReportReporter -->
<testsuite hostname="LIN30000593" failures="0" tests="2" name="newbrowser.demo" time="0.017" errors="0" timestamp="2023-09-01T11:07:07 IST" skipped="0">
  <testcase classname="newbrowser.demo" name="testcase" time="0.001"/>
  <testcase classname="newbrowser.demo" name="sestcase1" time="0.016"/>
</testsuite> <!-- newbrowser.demo -->
