<?xml version="1.0" encoding="UTF-8"?>
<!-- Generated by org.testng.reporters.JUnitReportReporter -->
<testsuite hostname="LIN30000593" failures="0" tests="2" name="logintestcases.advancedlogin" time="13.559" errors="0" timestamp="2023-09-20T20:54:37 IST" skipped="0">
  <testcase classname="logintestcases.advancedlogin" name="openbrowser" time="7.916"/>
  <testcase classname="logintestcases.advancedlogin" name="openbrowser" time="5.643"/>
</testsuite> <!-- logintestcases.advancedlogin -->
