<?xml version="1.0" encoding="UTF-8"?>
<!-- Generated by org.testng.reporters.JUnitReportReporter -->
<testsuite hostname="LIN30000593" failures="0" tests="2" name="TestNG.Hierarchy" time="0.009" errors="0" timestamp="2023-09-12T11:29:57 IST" skipped="0">
  <testcase classname="TestNG.Hierarchy" name="f" time="0.007"/>
  <testcase classname="TestNG.Hierarchy" name="fi" time="0.002"/>
</testsuite> <!-- TestNG.Hierarchy -->
