<?xml version="1.0" encoding="UTF-8"?>
<!-- Generated by org.testng.reporters.JUnitReportReporter -->
<testsuite hostname="LIN30000593" failures="0" tests="4" name="TestNG.groupingmethods" time="0.035" errors="0" timestamp="2023-09-01T15:00:16 IST" skipped="0">
  <testcase classname="TestNG.groupingmethods" name="bag2" time="0.007"/>
  <testcase classname="TestNG.groupingmethods" name="bag3" time="0.011"/>
  <testcase classname="TestNG.groupingmethods" name="bag4" time="0.008"/>
  <testcase classname="TestNG.groupingmethods" name="bag1" time="0.009"/>
</testsuite> <!-- TestNG.groupingmethods -->
