<?xml version="1.0" encoding="UTF-8"?>
<!-- Generated by org.testng.reporters.JUnitReportReporter -->
<testsuite hostname="LIN30000593" failures="0" tests="1" name="logintestcases.bothwrong" time="7.449" errors="0" timestamp="2023-09-20T14:39:05 IST" skipped="0">
  <testcase classname="logintestcases.bothwrong" name="openbrowser" time="7.449"/>
</testsuite> <!-- logintestcases.bothwrong -->
