<?xml version="1.0" encoding="UTF-8"?>
<!-- Generated by org.testng.reporters.JUnitReportReporter -->
<testsuite hostname="LIN30000593" failures="0" tests="3" name="TestNG.realtimextestcase" time="15.144" errors="0" timestamp="2023-09-20T16:13:25 IST" skipped="0">
  <testcase classname="TestNG.realtimextestcase" name="openbing" time="1.580"/>
  <testcase classname="TestNG.realtimextestcase" name="opengoogle" time="4.399"/>
  <testcase classname="TestNG.realtimextestcase" name="openyahoo" time="9.165"/>
</testsuite> <!-- TestNG.realtimextestcase -->
