<?xml version="1.0" encoding="UTF-8"?>
<!-- Generated by org.testng.reporters.JUnitReportReporter -->
<testsuite hostname="LIN30000593" failures="0" tests="1" name="TestNG.parameterization" time="0.001" errors="0" timestamp="2023-09-01T15:00:16 IST" skipped="0">
  <testcase classname="TestNG.parameterization" name="name1" time="0.001"/>
</testsuite> <!-- TestNG.parameterization -->
