<?xml version="1.0" encoding="UTF-8"?>
<!-- Generated by org.testng.reporters.JUnitReportReporter -->
<testsuite hostname="LIN30000593" failures="0" tests="3" name="TestNG.priorityandskip" time="0.007" errors="0" timestamp="2023-09-01T15:00:16 IST" skipped="0">
  <testcase classname="TestNG.priorityandskip" name="estcase" time="0.003"/>
  <testcase classname="TestNG.priorityandskip" name="aestcase2" time="0.001"/>
  <testcase classname="TestNG.priorityandskip" name="destcase1" time="0.003"/>
</testsuite> <!-- TestNG.priorityandskip -->
