<?xml version="1.0" encoding="UTF-8"?>
<!-- Generated by org.testng.reporters.JUnitReportReporter -->
<testsuite hostname="LIN30000593" failures="0" tests="3" name="TestNG.depends" time="0.011" errors="0" timestamp="2023-09-01T15:00:16 IST" skipped="1">
  <testcase classname="TestNG.depends" name="estcase" time="0.005"/>
  <testcase classname="TestNG.depends" name="destcase1" time="0.006"/>
  <testcase classname="TestNG.depends" name="aestcase2">
    <skipped/>
  </testcase> <!-- aestcase2 -->
</testsuite> <!-- TestNG.depends -->
