<?xml version="1.0" encoding="UTF-8"?>
<!-- Generated by org.testng.reporters.JUnitReportReporter -->
<testsuite hostname="LIN30000593" failures="0" tests="4" name="logintestcases.testngdatadriven" time="31.145" errors="0" timestamp="2023-10-11T12:34:19 IST" skipped="0">
  <testcase classname="logintestcases.testngdatadriven" name="saucelabslogin" time="6.809"/>
  <testcase classname="logintestcases.testngdatadriven" name="saucelabslogin" time="10.855"/>
  <testcase classname="logintestcases.testngdatadriven" name="saucelabslogin" time="7.166"/>
  <testcase classname="logintestcases.testngdatadriven" name="saucelabslogin" time="6.315"/>
</testsuite> <!-- logintestcases.testngdatadriven -->
