<?xml version="1.0" encoding="UTF-8"?>
<!-- Generated by org.testng.reporters.JUnitReportReporter -->
<testsuite hostname="LIN30000593" failures="0" tests="2" name="TestNG.parallel" time="11.563" errors="0" timestamp="2023-09-01T15:00:16 IST" skipped="0">
  <testcase classname="TestNG.parallel" name="testcase2" time="5.773"/>
  <testcase classname="TestNG.parallel" name="testcase1" time="5.790"/>
</testsuite> <!-- TestNG.parallel -->
