<?xml version="1.0" encoding="UTF-8"?>
<!-- Generated by org.testng.reporters.JUnitReportReporter -->
<testsuite hostname="LIN30000593" failures="0" tests="2" name="TestNG.practice" time="0.012" errors="0" timestamp="2023-09-01T11:23:29 IST" skipped="0">
  <testcase classname="TestNG.practice" name="name1" time="0.002"/>
  <testcase classname="TestNG.practice" name="ame2" time="0.010"/>
</testsuite> <!-- TestNG.practice -->
